CRITICAL - 2023-10-04 14:23:43 --> Undefined variable $items
in APPPATH\Views\prodFile\nav.php on line 195.
 1 APPPATH\Views\prodFile\nav.php(195): CodeIgniter\Debug\Exceptions->errorHandler(2, 'Undefined variable $items', 'C:\\laragon\\www\\ECOMMERCE\\app\\Views\\prodFile\\nav.php', 195)
 2 SYSTEMPATH\View\View.php(226): include('C:\\laragon\\www\\ECOMMERCE\\app\\Views\\prodFile\\nav.php')
 3 SYSTEMPATH\View\View.php(229): CodeIgniter\View\View->CodeIgniter\View\{closure}()
 4 SYSTEMPATH\Common.php(1188): CodeIgniter\View\View->render('/prodFile/nav', [], true)
 5 APPPATH\Views\productDetails.php(8): view('/prodFile/nav')
 6 SYSTEMPATH\View\View.php(226): include('C:\\laragon\\www\\ECOMMERCE\\app\\Views\\productDetails.php')
 7 SYSTEMPATH\View\View.php(229): CodeIgniter\View\View->CodeIgniter\View\{closure}()
 8 SYSTEMPATH\Common.php(1188): CodeIgniter\View\View->render('productDetails', [], true)
 9 APPPATH\Controllers\ProductController.php(23): view('productDetails', [...])
10 SYSTEMPATH\CodeIgniter.php(919): App\Controllers\ProductController->productDetails('1')
11 SYSTEMPATH\CodeIgniter.php(494): CodeIgniter\CodeIgniter->runController(Object(App\Controllers\ProductController))
12 SYSTEMPATH\CodeIgniter.php(353): CodeIgniter\CodeIgniter->handleRequest(null, Object(Config\Cache), false)
13 FCPATH\index.php(79): CodeIgniter\CodeIgniter->run()
14 SYSTEMPATH\Commands\Server\rewrite.php(47): require_once('C:\\laragon\\www\\ECOMMERCE\\public\\index.php')
CRITICAL - 2023-10-04 14:23:44 --> Undefined variable $items
in APPPATH\Views\prodFile\nav.php on line 195.
 1 APPPATH\Views\prodFile\nav.php(195): CodeIgniter\Debug\Exceptions->errorHandler(2, 'Undefined variable $items', 'C:\\laragon\\www\\ECOMMERCE\\app\\Views\\prodFile\\nav.php', 195)
 2 SYSTEMPATH\View\View.php(226): include('C:\\laragon\\www\\ECOMMERCE\\app\\Views\\prodFile\\nav.php')
 3 SYSTEMPATH\View\View.php(229): CodeIgniter\View\View->CodeIgniter\View\{closure}()
 4 SYSTEMPATH\Common.php(1188): CodeIgniter\View\View->render('/prodFile/nav', [], true)
 5 APPPATH\Views\productDetails.php(8): view('/prodFile/nav')
 6 SYSTEMPATH\View\View.php(226): include('C:\\laragon\\www\\ECOMMERCE\\app\\Views\\productDetails.php')
 7 SYSTEMPATH\View\View.php(229): CodeIgniter\View\View->CodeIgniter\View\{closure}()
 8 SYSTEMPATH\Common.php(1188): CodeIgniter\View\View->render('productDetails', [], true)
 9 APPPATH\Controllers\ProductController.php(23): view('productDetails', [...])
10 SYSTEMPATH\CodeIgniter.php(919): App\Controllers\ProductController->productDetails('1')
11 SYSTEMPATH\CodeIgniter.php(494): CodeIgniter\CodeIgniter->runController(Object(App\Controllers\ProductController))
12 SYSTEMPATH\CodeIgniter.php(353): CodeIgniter\CodeIgniter->handleRequest(null, Object(Config\Cache), false)
13 FCPATH\index.php(79): CodeIgniter\CodeIgniter->run()
14 SYSTEMPATH\Commands\Server\rewrite.php(47): require_once('C:\\laragon\\www\\ECOMMERCE\\public\\index.php')
CRITICAL - 2023-10-04 14:26:48 --> Undefined variable $items
in APPPATH\Views\prodFile\nav.php on line 195.
 1 APPPATH\Views\prodFile\nav.php(195): CodeIgniter\Debug\Exceptions->errorHandler(2, 'Undefined variable $items', 'C:\\laragon\\www\\ECOMMERCE\\app\\Views\\prodFile\\nav.php', 195)
 2 SYSTEMPATH\View\View.php(226): include('C:\\laragon\\www\\ECOMMERCE\\app\\Views\\prodFile\\nav.php')
 3 SYSTEMPATH\View\View.php(229): CodeIgniter\View\View->CodeIgniter\View\{closure}()
 4 SYSTEMPATH\Common.php(1188): CodeIgniter\View\View->render('/prodFile/nav', [], true)
 5 APPPATH\Views\productDetails.php(8): view('/prodFile/nav')
 6 SYSTEMPATH\View\View.php(226): include('C:\\laragon\\www\\ECOMMERCE\\app\\Views\\productDetails.php')
 7 SYSTEMPATH\View\View.php(229): CodeIgniter\View\View->CodeIgniter\View\{closure}()
 8 SYSTEMPATH\Common.php(1188): CodeIgniter\View\View->render('productDetails', [], true)
 9 APPPATH\Controllers\ProductController.php(23): view('productDetails', [...])
10 SYSTEMPATH\CodeIgniter.php(919): App\Controllers\ProductController->productDetails('2')
11 SYSTEMPATH\CodeIgniter.php(494): CodeIgniter\CodeIgniter->runController(Object(App\Controllers\ProductController))
12 SYSTEMPATH\CodeIgniter.php(353): CodeIgniter\CodeIgniter->handleRequest(null, Object(Config\Cache), false)
13 FCPATH\index.php(79): CodeIgniter\CodeIgniter->run()
14 SYSTEMPATH\Commands\Server\rewrite.php(47): require_once('C:\\laragon\\www\\ECOMMERCE\\public\\index.php')
CRITICAL - 2023-10-04 14:26:48 --> Undefined variable $items
in APPPATH\Views\prodFile\nav.php on line 195.
 1 APPPATH\Views\prodFile\nav.php(195): CodeIgniter\Debug\Exceptions->errorHandler(2, 'Undefined variable $items', 'C:\\laragon\\www\\ECOMMERCE\\app\\Views\\prodFile\\nav.php', 195)
 2 SYSTEMPATH\View\View.php(226): include('C:\\laragon\\www\\ECOMMERCE\\app\\Views\\prodFile\\nav.php')
 3 SYSTEMPATH\View\View.php(229): CodeIgniter\View\View->CodeIgniter\View\{closure}()
 4 SYSTEMPATH\Common.php(1188): CodeIgniter\View\View->render('/prodFile/nav', [], true)
 5 APPPATH\Views\productDetails.php(8): view('/prodFile/nav')
 6 SYSTEMPATH\View\View.php(226): include('C:\\laragon\\www\\ECOMMERCE\\app\\Views\\productDetails.php')
 7 SYSTEMPATH\View\View.php(229): CodeIgniter\View\View->CodeIgniter\View\{closure}()
 8 SYSTEMPATH\Common.php(1188): CodeIgniter\View\View->render('productDetails', [], true)
 9 APPPATH\Controllers\ProductController.php(23): view('productDetails', [...])
10 SYSTEMPATH\CodeIgniter.php(919): App\Controllers\ProductController->productDetails('2')
11 SYSTEMPATH\CodeIgniter.php(494): CodeIgniter\CodeIgniter->runController(Object(App\Controllers\ProductController))
12 SYSTEMPATH\CodeIgniter.php(353): CodeIgniter\CodeIgniter->handleRequest(null, Object(Config\Cache), false)
13 FCPATH\index.php(79): CodeIgniter\CodeIgniter->run()
14 SYSTEMPATH\Commands\Server\rewrite.php(47): require_once('C:\\laragon\\www\\ECOMMERCE\\public\\index.php')
CRITICAL - 2023-10-04 14:30:40 --> Undefined variable $items
in APPPATH\Views\prodFile\nav.php on line 195.
 1 APPPATH\Views\prodFile\nav.php(195): CodeIgniter\Debug\Exceptions->errorHandler(2, 'Undefined variable $items', 'C:\\laragon\\www\\ECOMMERCE\\app\\Views\\prodFile\\nav.php', 195)
 2 SYSTEMPATH\View\View.php(226): include('C:\\laragon\\www\\ECOMMERCE\\app\\Views\\prodFile\\nav.php')
 3 SYSTEMPATH\View\View.php(229): CodeIgniter\View\View->CodeIgniter\View\{closure}()
 4 SYSTEMPATH\Common.php(1188): CodeIgniter\View\View->render('/prodFile/nav', [], true)
 5 APPPATH\Views\productDetails.php(8): view('/prodFile/nav')
 6 SYSTEMPATH\View\View.php(226): include('C:\\laragon\\www\\ECOMMERCE\\app\\Views\\productDetails.php')
 7 SYSTEMPATH\View\View.php(229): CodeIgniter\View\View->CodeIgniter\View\{closure}()
 8 SYSTEMPATH\Common.php(1188): CodeIgniter\View\View->render('productDetails', [], true)
 9 APPPATH\Controllers\ProductController.php(23): view('productDetails', [...])
10 SYSTEMPATH\CodeIgniter.php(919): App\Controllers\ProductController->productDetails('2')
11 SYSTEMPATH\CodeIgniter.php(494): CodeIgniter\CodeIgniter->runController(Object(App\Controllers\ProductController))
12 SYSTEMPATH\CodeIgniter.php(353): CodeIgniter\CodeIgniter->handleRequest(null, Object(Config\Cache), false)
13 FCPATH\index.php(79): CodeIgniter\CodeIgniter->run()
14 SYSTEMPATH\Commands\Server\rewrite.php(47): require_once('C:\\laragon\\www\\ECOMMERCE\\public\\index.php')
CRITICAL - 2023-10-04 14:30:40 --> Undefined variable $items
in APPPATH\Views\prodFile\nav.php on line 195.
 1 APPPATH\Views\prodFile\nav.php(195): CodeIgniter\Debug\Exceptions->errorHandler(2, 'Undefined variable $items', 'C:\\laragon\\www\\ECOMMERCE\\app\\Views\\prodFile\\nav.php', 195)
 2 SYSTEMPATH\View\View.php(226): include('C:\\laragon\\www\\ECOMMERCE\\app\\Views\\prodFile\\nav.php')
 3 SYSTEMPATH\View\View.php(229): CodeIgniter\View\View->CodeIgniter\View\{closure}()
 4 SYSTEMPATH\Common.php(1188): CodeIgniter\View\View->render('/prodFile/nav', [], true)
 5 APPPATH\Views\productDetails.php(8): view('/prodFile/nav')
 6 SYSTEMPATH\View\View.php(226): include('C:\\laragon\\www\\ECOMMERCE\\app\\Views\\productDetails.php')
 7 SYSTEMPATH\View\View.php(229): CodeIgniter\View\View->CodeIgniter\View\{closure}()
 8 SYSTEMPATH\Common.php(1188): CodeIgniter\View\View->render('productDetails', [], true)
 9 APPPATH\Controllers\ProductController.php(23): view('productDetails', [...])
10 SYSTEMPATH\CodeIgniter.php(919): App\Controllers\ProductController->productDetails('2')
11 SYSTEMPATH\CodeIgniter.php(494): CodeIgniter\CodeIgniter->runController(Object(App\Controllers\ProductController))
12 SYSTEMPATH\CodeIgniter.php(353): CodeIgniter\CodeIgniter->handleRequest(null, Object(Config\Cache), false)
13 FCPATH\index.php(79): CodeIgniter\CodeIgniter->run()
14 SYSTEMPATH\Commands\Server\rewrite.php(47): require_once('C:\\laragon\\www\\ECOMMERCE\\public\\index.php')
CRITICAL - 2023-10-04 14:37:51 --> Invalid file: "/prodFile/prosolect.php"
in SYSTEMPATH\Exceptions\FrameworkException.php on line 39.
 1 SYSTEMPATH\View\View.php(214): CodeIgniter\Exceptions\FrameworkException::forInvalidFile('/prodFile/prosolect.php')
 2 SYSTEMPATH\Common.php(1188): CodeIgniter\View\View->render('/prodFile/prosolect', [], true)
 3 APPPATH\Views\index.php(6): view('/prodFile/prosolect')
 4 SYSTEMPATH\View\View.php(226): include('C:\\laragon\\www\\ECOMMERCE\\app\\Views\\index.php')
 5 SYSTEMPATH\View\View.php(229): CodeIgniter\View\View->CodeIgniter\View\{closure}()
 6 SYSTEMPATH\Common.php(1188): CodeIgniter\View\View->render('index', [], true)
 7 APPPATH\Controllers\ProductController.php(34): view('index', [...])
 8 SYSTEMPATH\CodeIgniter.php(919): App\Controllers\ProductController->home()
 9 SYSTEMPATH\CodeIgniter.php(494): CodeIgniter\CodeIgniter->runController(Object(App\Controllers\ProductController))
10 SYSTEMPATH\CodeIgniter.php(353): CodeIgniter\CodeIgniter->handleRequest(null, Object(Config\Cache), false)
11 FCPATH\index.php(79): CodeIgniter\CodeIgniter->run()
12 SYSTEMPATH\Commands\Server\rewrite.php(47): require_once('C:\\laragon\\www\\ECOMMERCE\\public\\index.php')
