CRITICAL - 2023-10-03 13:53:41 --> Invalid file: "/prodFile/banner.php"
in SYSTEMPATH\Exceptions\FrameworkException.php on line 39.
 1 SYSTEMPATH\View\View.php(214): CodeIgniter\Exceptions\FrameworkException::forInvalidFile('/prodFile/banner.php')
 2 SYSTEMPATH\Common.php(1188): CodeIgniter\View\View->render('/prodFile/banner', [], true)
 3 APPPATH\Views\index.php(2): view('/prodFile/banner')
 4 SYSTEMPATH\View\View.php(226): include('C:\\laragon\\www\\ECOMMERCE\\app\\Views\\index.php')
 5 SYSTEMPATH\View\View.php(229): CodeIgniter\View\View->CodeIgniter\View\{closure}()
 6 SYSTEMPATH\Common.php(1188): CodeIgniter\View\View->render('index', [], true)
 7 APPPATH\Controllers\ProductController.php(34): view('index', [...])
 8 SYSTEMPATH\CodeIgniter.php(919): App\Controllers\ProductController->home()
 9 SYSTEMPATH\CodeIgniter.php(494): CodeIgniter\CodeIgniter->runController(Object(App\Controllers\ProductController))
10 SYSTEMPATH\CodeIgniter.php(353): CodeIgniter\CodeIgniter->handleRequest(null, Object(Config\Cache), false)
11 FCPATH\index.php(79): CodeIgniter\CodeIgniter->run()
12 SYSTEMPATH\Commands\Server\rewrite.php(47): require_once('C:\\laragon\\www\\ECOMMERCE\\public\\index.php')
CRITICAL - 2023-10-03 13:54:00 --> Invalid file: "/prodFile/banner.php"
in SYSTEMPATH\Exceptions\FrameworkException.php on line 39.
 1 SYSTEMPATH\View\View.php(214): CodeIgniter\Exceptions\FrameworkException::forInvalidFile('/prodFile/banner.php')
 2 SYSTEMPATH\Common.php(1188): CodeIgniter\View\View->render('/prodFile/banner', [], true)
 3 APPPATH\Views\index.php(2): view('/prodFile/banner')
 4 SYSTEMPATH\View\View.php(226): include('C:\\laragon\\www\\ECOMMERCE\\app\\Views\\index.php')
 5 SYSTEMPATH\View\View.php(229): CodeIgniter\View\View->CodeIgniter\View\{closure}()
 6 SYSTEMPATH\Common.php(1188): CodeIgniter\View\View->render('index', [], true)
 7 APPPATH\Controllers\ProductController.php(34): view('index', [...])
 8 SYSTEMPATH\CodeIgniter.php(919): App\Controllers\ProductController->home()
 9 SYSTEMPATH\CodeIgniter.php(494): CodeIgniter\CodeIgniter->runController(Object(App\Controllers\ProductController))
10 SYSTEMPATH\CodeIgniter.php(353): CodeIgniter\CodeIgniter->handleRequest(null, Object(Config\Cache), false)
11 FCPATH\index.php(79): CodeIgniter\CodeIgniter->run()
12 SYSTEMPATH\Commands\Server\rewrite.php(47): require_once('C:\\laragon\\www\\ECOMMERCE\\public\\index.php')
CRITICAL - 2023-10-03 13:54:01 --> Invalid file: "/prodFile/banner.php"
in SYSTEMPATH\Exceptions\FrameworkException.php on line 39.
 1 SYSTEMPATH\View\View.php(214): CodeIgniter\Exceptions\FrameworkException::forInvalidFile('/prodFile/banner.php')
 2 SYSTEMPATH\Common.php(1188): CodeIgniter\View\View->render('/prodFile/banner', [], true)
 3 APPPATH\Views\index.php(2): view('/prodFile/banner')
 4 SYSTEMPATH\View\View.php(226): include('C:\\laragon\\www\\ECOMMERCE\\app\\Views\\index.php')
 5 SYSTEMPATH\View\View.php(229): CodeIgniter\View\View->CodeIgniter\View\{closure}()
 6 SYSTEMPATH\Common.php(1188): CodeIgniter\View\View->render('index', [], true)
 7 APPPATH\Controllers\ProductController.php(34): view('index', [...])
 8 SYSTEMPATH\CodeIgniter.php(919): App\Controllers\ProductController->home()
 9 SYSTEMPATH\CodeIgniter.php(494): CodeIgniter\CodeIgniter->runController(Object(App\Controllers\ProductController))
10 SYSTEMPATH\CodeIgniter.php(353): CodeIgniter\CodeIgniter->handleRequest(null, Object(Config\Cache), false)
11 FCPATH\index.php(79): CodeIgniter\CodeIgniter->run()
12 SYSTEMPATH\Commands\Server\rewrite.php(47): require_once('C:\\laragon\\www\\ECOMMERCE\\public\\index.php')
CRITICAL - 2023-10-03 13:54:01 --> Invalid file: "/prodFile/banner.php"
in SYSTEMPATH\Exceptions\FrameworkException.php on line 39.
 1 SYSTEMPATH\View\View.php(214): CodeIgniter\Exceptions\FrameworkException::forInvalidFile('/prodFile/banner.php')
 2 SYSTEMPATH\Common.php(1188): CodeIgniter\View\View->render('/prodFile/banner', [], true)
 3 APPPATH\Views\index.php(2): view('/prodFile/banner')
 4 SYSTEMPATH\View\View.php(226): include('C:\\laragon\\www\\ECOMMERCE\\app\\Views\\index.php')
 5 SYSTEMPATH\View\View.php(229): CodeIgniter\View\View->CodeIgniter\View\{closure}()
 6 SYSTEMPATH\Common.php(1188): CodeIgniter\View\View->render('index', [], true)
 7 APPPATH\Controllers\ProductController.php(34): view('index', [...])
 8 SYSTEMPATH\CodeIgniter.php(919): App\Controllers\ProductController->home()
 9 SYSTEMPATH\CodeIgniter.php(494): CodeIgniter\CodeIgniter->runController(Object(App\Controllers\ProductController))
10 SYSTEMPATH\CodeIgniter.php(353): CodeIgniter\CodeIgniter->handleRequest(null, Object(Config\Cache), false)
11 FCPATH\index.php(79): CodeIgniter\CodeIgniter->run()
12 SYSTEMPATH\Commands\Server\rewrite.php(47): require_once('C:\\laragon\\www\\ECOMMERCE\\public\\index.php')
